# JRE version: Java(TM) SE Runtime Environment (7.0_45-b18) (build 1.7.0_45-b18)
# Java VM: Java HotSpot(TM) 64-Bit Server VM (24.45-b08 mixed mode linux-amd64 compressed oops)
Heap
 PSYoungGen      total 248832K, used 183818K [0x00000000f0000000, 0x0000000100000000, 0x0000000100000000)
  eden space 235520K, 77% used [0x00000000f0000000,0x00000000fb2cabf8,0x00000000fe600000)
  from space 13312K, 5% used [0x00000000fe600000,0x00000000fe6b8000,0x00000000ff300000)
  to   space 13312K, 0% used [0x00000000ff300000,0x00000000ff300000,0x0000000100000000)
 ParOldGen       total 524288K, used 429269K [0x00000000d0000000, 0x00000000f0000000, 0x00000000f0000000)
  object space 524288K, 81% used [0x00000000d0000000,0x00000000ea335418,0x00000000f0000000)
 PSPermGen       total 262144K, used 170558K [0x00000000c0000000, 0x00000000d0000000, 0x00000000d0000000)
  object space 262144K, 65% used [0x00000000c0000000,0x00000000ca68f9c8,0x00000000d0000000)
GC Heap History (10 events):
Event: 243.214 GC heap before
{Heap before GC invocations=81 (full 0):
 PSYoungGen      total 252928K, used 247097K [0x00000000f0000000, 0x0000000100000000, 0x0000000100000000)
  eden space 243200K, 100% used [0x00000000f0000000,0x00000000fed80000,0x00000000fed80000)
  from space 9728K, 40% used [0x00000000ff680000,0x00000000ffa4e5c8,0x0000000100000000)
  to   space 9216K, 0% used [0x00000000fed80000,0x00000000fed80000,0x00000000ff680000)
 ParOldGen       total 524288K, used 401751K [0x00000000d0000000, 0x00000000f0000000, 0x00000000f0000000)
  object space 524288K, 76% used [0x00000000d0000000,0x00000000e8855d50,0x00000000f0000000)
 PSPermGen       total 262144K, used 162566K [0x00000000c0000000, 0x00000000d0000000, 0x00000000d0000000)
  object space 262144K, 62% used [0x00000000c0000000,0x00000000c9ec1b40,0x00000000d0000000)
Event: 243.244 GC heap after
Heap after GC invocations=81 (full 0):
 PSYoungGen      total 252416K, used 2747K [0x00000000f0000000, 0x0000000100000000, 0x0000000100000000)
  eden space 243200K, 0% used [0x00000000f0000000,0x00000000f0000000,0x00000000fed80000)
  from space 9216K, 29% used [0x00000000fed80000,0x00000000ff02ef28,0x00000000ff680000)
  to   space 9216K, 0% used [0x00000000ff700000,0x00000000ff700000,0x0000000100000000)
 ParOldGen       total 524288K, used 405435K [0x00000000d0000000, 0x00000000f0000000, 0x00000000f0000000)
  object space 524288K, 77% used [0x00000000d0000000,0x00000000e8beed38,0x00000000f0000000)
 PSPermGen       total 262144K, used 162566K [0x00000000c0000000, 0x00000000d0000000, 0x00000000d0000000)
  object space 262144K, 62% used [0x00000000c0000000,0x00000000c9ec1b40,0x00000000d0000000)
}
Event: 256.177 GC heap before
{Heap before GC invocations=82 (full 0):
 PSYoungGen      total 252416K, used 245947K [0x00000000f0000000, 0x0000000100000000, 0x0000000100000000)
  eden space 243200K, 100% used [0x00000000f0000000,0x00000000fed80000,0x00000000fed80000)
  from space 9216K, 29% used [0x00000000fed80000,0x00000000ff02ef28,0x00000000ff680000)
  to   space 9216K, 0% used [0x00000000ff700000,0x00000000ff700000,0x0000000100000000)
 ParOldGen       total 524288K, used 405435K [0x00000000d0000000, 0x00000000f0000000, 0x00000000f0000000)
  object space 524288K, 77% used [0x00000000d0000000,0x00000000e8beed38,0x00000000f0000000)
 PSPermGen       total 262144K, used 169174K [0x00000000c0000000, 0x00000000d0000000, 0x00000000d0000000)
  object space 262144K, 64% used [0x00000000c0000000,0x00000000ca5358a8,0x00000000d0000000)
Event: 256.233 GC heap after
Heap after GC invocations=82 (full 0):
 PSYoungGen      total 242688K, used 9215K [0x00000000f0000000, 0x0000000100000000, 0x0000000100000000)
  eden space 233472K, 0% used [0x00000000f0000000,0x00000000f0000000,0x00000000fe400000)
  from space 9216K, 99% used [0x00000000ff700000,0x00000000ffffff50,0x0000000100000000)
  to   space 14336K, 0% used [0x00000000fe400000,0x00000000fe400000,0x00000000ff200000)
 ParOldGen       total 524288K, used 415399K [0x00000000d0000000, 0x00000000f0000000, 0x00000000f0000000)
  object space 524288K, 79% used [0x00000000d0000000,0x00000000e95a9c08,0x00000000f0000000)
 PSPermGen       total 262144K, used 169174K [0x00000000c0000000, 0x00000000d0000000, 0x00000000d0000000)
  object space 262144K, 64% used [0x00000000c0000000,0x00000000ca5358a8,0x00000000d0000000)
}
Event: 262.084 GC heap before
{Heap before GC invocations=83 (full 0):
 PSYoungGen      total 242688K, used 240309K [0x00000000f0000000, 0x0000000100000000, 0x0000000100000000)
  eden space 233472K, 98% used [0x00000000f0000000,0x00000000fe1ad550,0x00000000fe400000)
  from space 9216K, 99% used [0x00000000ff700000,0x00000000ffffff50,0x0000000100000000)
  to   space 14336K, 0% used [0x00000000fe400000,0x00000000fe400000,0x00000000ff200000)
 ParOldGen       total 524288K, used 415399K [0x00000000d0000000, 0x00000000f0000000, 0x00000000f0000000)
  object space 524288K, 79% used [0x00000000d0000000,0x00000000e95a9c08,0x00000000f0000000)
 PSPermGen       total 262144K, used 170152K [0x00000000c0000000, 0x00000000d0000000, 0x00000000d0000000)
  object space 262144K, 64% used [0x00000000c0000000,0x00000000ca62a0d0,0x00000000d0000000)
Event: 262.147 GC heap after
Heap after GC invocations=83 (full 0):
 PSYoungGen      total 247808K, used 4846K [0x00000000f0000000, 0x0000000100000000, 0x0000000100000000)
  eden space 233472K, 0% used [0x00000000f0000000,0x00000000f0000000,0x00000000fe400000)
  from space 14336K, 33% used [0x00000000fe400000,0x00000000fe8bb8c8,0x00000000ff200000)
  to   space 13312K, 0% used [0x00000000ff300000,0x00000000ff300000,0x0000000100000000)
 ParOldGen       total 524288K, used 424288K [0x00000000d0000000, 0x00000000f0000000, 0x00000000f0000000)
  object space 524288K, 80% used [0x00000000d0000000,0x00000000e9e580a0,0x00000000f0000000)
 PSPermGen       total 262144K, used 170152K [0x00000000c0000000, 0x00000000d0000000, 0x00000000d0000000)
  object space 262144K, 64% used [0x00000000c0000000,0x00000000ca62a0d0,0x00000000d0000000)
}
Event: 279.294 GC heap before
{Heap before GC invocations=84 (full 0):
 PSYoungGen      total 247808K, used 238318K [0x00000000f0000000, 0x0000000100000000, 0x0000000100000000)
  eden space 233472K, 100% used [0x00000000f0000000,0x00000000fe400000,0x00000000fe400000)
  from space 14336K, 33% used [0x00000000fe400000,0x00000000fe8bb8c8,0x00000000ff200000)
  to   space 13312K, 0% used [0x00000000ff300000,0x00000000ff300000,0x0000000100000000)
 ParOldGen       total 524288K, used 424288K [0x00000000d0000000, 0x00000000f0000000, 0x00000000f0000000)
  object space 524288K, 80% used [0x00000000d0000000,0x00000000e9e580a0,0x00000000f0000000)
 PSPermGen       total 262144K, used 170461K [0x00000000c0000000, 0x00000000d0000000, 0x00000000d0000000)
  object space 262144K, 65% used [0x00000000c0000000,0x00000000ca677458,0x00000000d0000000)
Event: 279.321 GC heap after
Heap after GC invocations=84 (full 0):
 PSYoungGen      total 248832K, used 1847K [0x00000000f0000000, 0x0000000100000000, 0x0000000100000000)
  eden space 235520K, 0% used [0x00000000f0000000,0x00000000f0000000,0x00000000fe600000)
  from space 13312K, 13% used [0x00000000ff300000,0x00000000ff4cdf28,0x0000000100000000)
  to   space 13312K, 0% used [0x00000000fe600000,0x00000000fe600000,0x00000000ff300000)
 ParOldGen       total 524288K, used 428093K [0x00000000d0000000, 0x00000000f0000000, 0x00000000f0000000)
  object space 524288K, 81% used [0x00000000d0000000,0x00000000ea20f478,0x00000000f0000000)
 PSPermGen       total 262144K, used 170461K [0x00000000c0000000, 0x00000000d0000000, 0x00000000d0000000)
  object space 262144K, 65% used [0x00000000c0000000,0x00000000ca677458,0x00000000d0000000)
}
Event: 373.163 GC heap before
{Heap before GC invocations=85 (full 0):
 PSYoungGen      total 248832K, used 237367K [0x00000000f0000000, 0x0000000100000000, 0x0000000100000000)
  eden space 235520K, 100% used [0x00000000f0000000,0x00000000fe600000,0x00000000fe600000)
  from space 13312K, 13% used [0x00000000ff300000,0x00000000ff4cdf28,0x0000000100000000)
  to   space 13312K, 0% used [0x00000000fe600000,0x00000000fe600000,0x00000000ff300000)
 ParOldGen       total 524288K, used 428093K [0x00000000d0000000, 0x00000000f0000000, 0x00000000f0000000)
  object space 524288K, 81% used [0x00000000d0000000,0x00000000ea20f478,0x00000000f0000000)
 PSPermGen       total 262144K, used 170504K [0x00000000c0000000, 0x00000000d0000000, 0x00000000d0000000)
  object space 262144K, 65% used [0x00000000c0000000,0x00000000ca682330,0x00000000d0000000)
Event: 373.186 GC heap after
Heap after GC invocations=85 (full 0):
 PSYoungGen      total 248832K, used 736K [0x00000000f0000000, 0x0000000100000000, 0x0000000100000000)
  eden space 235520K, 0% used [0x00000000f0000000,0x00000000f0000000,0x00000000fe600000)
  from space 13312K, 5% used [0x00000000fe600000,0x00000000fe6b8000,0x00000000ff300000)
  to   space 13312K, 0% used [0x00000000ff300000,0x00000000ff300000,0x0000000100000000)
 ParOldGen       total 524288K, used 429269K [0x00000000d0000000, 0x00000000f0000000, 0x00000000f0000000)
  object space 524288K, 81% used [0x00000000d0000000,0x00000000ea335418,0x00000000f0000000)
 PSPermGen       total 262144K, used 170504K [0x00000000c0000000, 0x00000000d0000000, 0x00000000d0000000)
  object space 262144K, 65% used [0x00000000c0000000,0x00000000ca682330,0x00000000d0000000)
}

