# JRE version: Java(TM) SE Runtime Environment (7.0_45-b18) (build 1.7.0_45-b18)
# Java VM: Java HotSpot(TM) 64-Bit Server VM (24.45-b08 mixed mode linux-amd64 compressed oops)
Heap
 PSYoungGen      total 250880K, used 14515K [0x00000000f0000000, 0x0000000100000000, 0x0000000100000000)
  eden space 239616K, 5% used [0x00000000f0000000,0x00000000f0c66778,0x00000000fea00000)
  from space 11264K, 16% used [0x00000000fea00000,0x00000000febc6500,0x00000000ff500000)
  to   space 10752K, 0% used [0x00000000ff580000,0x00000000ff580000,0x0000000100000000)
 ParOldGen       total 524288K, used 430510K [0x00000000d0000000, 0x00000000f0000000, 0x00000000f0000000)
  object space 524288K, 82% used [0x00000000d0000000,0x00000000ea46b878,0x00000000f0000000)
 PSPermGen       total 262144K, used 167581K [0x00000000c0000000, 0x00000000d0000000, 0x00000000d0000000)
  object space 262144K, 63% used [0x00000000c0000000,0x00000000ca3a7560,0x00000000d0000000)
GC Heap History (10 events):
Event: 4496.582 GC heap before
{Heap before GC invocations=109 (full 0):
 PSYoungGen      total 258048K, used 254402K [0x00000000f0000000, 0x0000000100000000, 0x0000000100000000)
  eden space 253440K, 100% used [0x00000000f0000000,0x00000000ff780000,0x00000000ff780000)
  from space 4608K, 20% used [0x00000000ffb80000,0x00000000ffc70b80,0x0000000100000000)
  to   space 4096K, 0% used [0x00000000ff780000,0x00000000ff780000,0x00000000ffb80000)
 ParOldGen       total 524288K, used 407689K [0x00000000d0000000, 0x00000000f0000000, 0x00000000f0000000)
  object space 524288K, 77% used [0x00000000d0000000,0x00000000e8e22720,0x00000000f0000000)
 PSPermGen       total 262144K, used 159477K [0x00000000c0000000, 0x00000000d0000000, 0x00000000d0000000)
  object space 262144K, 60% used [0x00000000c0000000,0x00000000c9bbd428,0x00000000d0000000)
Event: 4496.597 GC heap after
Heap after GC invocations=109 (full 0):
 PSYoungGen      total 257536K, used 288K [0x00000000f0000000, 0x0000000100000000, 0x0000000100000000)
  eden space 253440K, 0% used [0x00000000f0000000,0x00000000f0000000,0x00000000ff780000)
  from space 4096K, 7% used [0x00000000ff780000,0x00000000ff7c8000,0x00000000ffb80000)
  to   space 4096K, 0% used [0x00000000ffc00000,0x00000000ffc00000,0x0000000100000000)
 ParOldGen       total 524288K, used 408175K [0x00000000d0000000, 0x00000000f0000000, 0x00000000f0000000)
  object space 524288K, 77% used [0x00000000d0000000,0x00000000e8e9bc40,0x00000000f0000000)
 PSPermGen       total 262144K, used 159477K [0x00000000c0000000, 0x00000000d0000000, 0x00000000d0000000)
  object space 262144K, 60% used [0x00000000c0000000,0x00000000c9bbd428,0x00000000d0000000)
}
Event: 4542.397 GC heap before
{Heap before GC invocations=110 (full 0):
 PSYoungGen      total 257536K, used 253728K [0x00000000f0000000, 0x0000000100000000, 0x0000000100000000)
  eden space 253440K, 100% used [0x00000000f0000000,0x00000000ff780000,0x00000000ff780000)
  from space 4096K, 7% used [0x00000000ff780000,0x00000000ff7c8000,0x00000000ffb80000)
  to   space 4096K, 0% used [0x00000000ffc00000,0x00000000ffc00000,0x0000000100000000)
 ParOldGen       total 524288K, used 408175K [0x00000000d0000000, 0x00000000f0000000, 0x00000000f0000000)
  object space 524288K, 77% used [0x00000000d0000000,0x00000000e8e9bc40,0x00000000f0000000)
 PSPermGen       total 262144K, used 164116K [0x00000000c0000000, 0x00000000d0000000, 0x00000000d0000000)
  object space 262144K, 62% used [0x00000000c0000000,0x00000000ca0452c8,0x00000000d0000000)
Event: 4542.453 GC heap after
Heap after GC invocations=110 (full 0):
 PSYoungGen      total 249856K, used 4086K [0x00000000f0000000, 0x0000000100000000, 0x0000000100000000)
  eden space 245760K, 0% used [0x00000000f0000000,0x00000000f0000000,0x00000000ff000000)
  from space 4096K, 99% used [0x00000000ffc00000,0x00000000ffffdac8,0x0000000100000000)
  to   space 8192K, 0% used [0x00000000ff000000,0x00000000ff000000,0x00000000ff800000)
 ParOldGen       total 524288K, used 417168K [0x00000000d0000000, 0x00000000f0000000, 0x00000000f0000000)
  object space 524288K, 79% used [0x00000000d0000000,0x00000000e9764170,0x00000000f0000000)
 PSPermGen       total 262144K, used 164116K [0x00000000c0000000, 0x00000000d0000000, 0x00000000d0000000)
  object space 262144K, 62% used [0x00000000c0000000,0x00000000ca0452c8,0x00000000d0000000)
}
Event: 4566.494 GC heap before
{Heap before GC invocations=111 (full 0):
 PSYoungGen      total 249856K, used 249846K [0x00000000f0000000, 0x0000000100000000, 0x0000000100000000)
  eden space 245760K, 100% used [0x00000000f0000000,0x00000000ff000000,0x00000000ff000000)
  from space 4096K, 99% used [0x00000000ffc00000,0x00000000ffffdac8,0x0000000100000000)
  to   space 8192K, 0% used [0x00000000ff000000,0x00000000ff000000,0x00000000ff800000)
 ParOldGen       total 524288K, used 417168K [0x00000000d0000000, 0x00000000f0000000, 0x00000000f0000000)
  object space 524288K, 79% used [0x00000000d0000000,0x00000000e9764170,0x00000000f0000000)
 PSPermGen       total 262144K, used 167096K [0x00000000c0000000, 0x00000000d0000000, 0x00000000d0000000)
  object space 262144K, 63% used [0x00000000c0000000,0x00000000ca32e038,0x00000000d0000000)
Event: 4566.526 GC heap after
Heap after GC invocations=111 (full 0):
 PSYoungGen      total 247296K, used 8165K [0x00000000f0000000, 0x0000000100000000, 0x0000000100000000)
  eden space 239104K, 0% used [0x00000000f0000000,0x00000000f0000000,0x00000000fe980000)
  from space 8192K, 99% used [0x00000000ff000000,0x00000000ff7f95c8,0x00000000ff800000)
  to   space 8192K, 0% used [0x00000000ff800000,0x00000000ff800000,0x0000000100000000)
 ParOldGen       total 524288K, used 421807K [0x00000000d0000000, 0x00000000f0000000, 0x00000000f0000000)
  object space 524288K, 80% used [0x00000000d0000000,0x00000000e9bebc78,0x00000000f0000000)
 PSPermGen       total 262144K, used 167096K [0x00000000c0000000, 0x00000000d0000000, 0x00000000d0000000)
  object space 262144K, 63% used [0x00000000c0000000,0x00000000ca32e038,0x00000000d0000000)
}
Event: 4572.341 GC heap before
{Heap before GC invocations=112 (full 0):
 PSYoungGen      total 247296K, used 247269K [0x00000000f0000000, 0x0000000100000000, 0x0000000100000000)
  eden space 239104K, 100% used [0x00000000f0000000,0x00000000fe980000,0x00000000fe980000)
  from space 8192K, 99% used [0x00000000ff000000,0x00000000ff7f95c8,0x00000000ff800000)
  to   space 8192K, 0% used [0x00000000ff800000,0x00000000ff800000,0x0000000100000000)
 ParOldGen       total 524288K, used 421807K [0x00000000d0000000, 0x00000000f0000000, 0x00000000f0000000)
  object space 524288K, 80% used [0x00000000d0000000,0x00000000e9bebc78,0x00000000f0000000)
 PSPermGen       total 262144K, used 167318K [0x00000000c0000000, 0x00000000d0000000, 0x00000000d0000000)
  object space 262144K, 63% used [0x00000000c0000000,0x00000000ca365b30,0x00000000d0000000)
Event: 4572.367 GC heap after
Heap after GC invocations=112 (full 0):
 PSYoungGen      total 247808K, used 1682K [0x00000000f0000000, 0x0000000100000000, 0x0000000100000000)
  eden space 239616K, 0% used [0x00000000f0000000,0x00000000f0000000,0x00000000fea00000)
  from space 8192K, 20% used [0x00000000ff800000,0x00000000ff9a4860,0x0000000100000000)
  to   space 11264K, 0% used [0x00000000fea00000,0x00000000fea00000,0x00000000ff500000)
 ParOldGen       total 524288K, used 429424K [0x00000000d0000000, 0x00000000f0000000, 0x00000000f0000000)
  object space 524288K, 81% used [0x00000000d0000000,0x00000000ea35c1f0,0x00000000f0000000)
 PSPermGen       total 262144K, used 167318K [0x00000000c0000000, 0x00000000d0000000, 0x00000000d0000000)
  object space 262144K, 63% used [0x00000000c0000000,0x00000000ca365b30,0x00000000d0000000)
}
Event: 4635.411 GC heap before
{Heap before GC invocations=113 (full 0):
 PSYoungGen      total 247808K, used 241298K [0x00000000f0000000, 0x0000000100000000, 0x0000000100000000)
  eden space 239616K, 100% used [0x00000000f0000000,0x00000000fea00000,0x00000000fea00000)
  from space 8192K, 20% used [0x00000000ff800000,0x00000000ff9a4860,0x0000000100000000)
  to   space 11264K, 0% used [0x00000000fea00000,0x00000000fea00000,0x00000000ff500000)
 ParOldGen       total 524288K, used 429424K [0x00000000d0000000, 0x00000000f0000000, 0x00000000f0000000)
  object space 524288K, 81% used [0x00000000d0000000,0x00000000ea35c1f0,0x00000000f0000000)
 PSPermGen       total 262144K, used 167579K [0x00000000c0000000, 0x00000000d0000000, 0x00000000d0000000)
  object space 262144K, 63% used [0x00000000c0000000,0x00000000ca3a6eb0,0x00000000d0000000)
Event: 4635.434 GC heap after
Heap after GC invocations=113 (full 0):
 PSYoungGen      total 250880K, used 1817K [0x00000000f0000000, 0x0000000100000000, 0x0000000100000000)
  eden space 239616K, 0% used [0x00000000f0000000,0x00000000f0000000,0x00000000fea00000)
  from space 11264K, 16% used [0x00000000fea00000,0x00000000febc6500,0x00000000ff500000)
  to   space 10752K, 0% used [0x00000000ff580000,0x00000000ff580000,0x0000000100000000)
 ParOldGen       total 524288K, used 430510K [0x00000000d0000000, 0x00000000f0000000, 0x00000000f0000000)
  object space 524288K, 82% used [0x00000000d0000000,0x00000000ea46b878,0x00000000f0000000)
 PSPermGen       total 262144K, used 167579K [0x00000000c0000000, 0x00000000d0000000, 0x00000000d0000000)
  object space 262144K, 63% used [0x00000000c0000000,0x00000000ca3a6eb0,0x00000000d0000000)
}

